{"C:\\Users\\ricky\\source\\repos\\val-builder\\val-builder\\src\\components\\cards\\CardLibrary.tsx": {"path":"C:\\Users\\ricky\\source\\repos\\val-builder\\val-builder\\src\\components\\cards\\CardLibrary.tsx","statementMap":{"0":{"start":{"line":14,"column":55},"end":{"line":32,"column":null}},"1":{"start":{"line":18,"column":2},"end":{"line":30,"column":null}},"2":{"start":{"line":22,"column":10},"end":{"line":27,"column":null}}},"fnMap":{"0":{"name":"(anonymous_0)","decl":{"start":{"line":14,"column":55},"end":{"line":14,"column":56}},"loc":{"start":{"line":17,"column":6},"end":{"line":32,"column":null}},"line":17},"1":{"name":"(anonymous_1)","decl":{"start":{"line":21,"column":19},"end":{"line":21,"column":20}},"loc":{"start":{"line":22,"column":10},"end":{"line":27,"column":null}},"line":22}},"branchMap":{},"s":{"0":1,"1":3,"2":4},"f":{"0":3,"1":4},"b":{},"meta":{"lastBranch":0,"lastFunction":2,"lastStatement":3,"seen":{"s:14:55:32:Infinity":0,"f:14:55:14:56":0,"s:18:2:30:Infinity":1,"f:21:19:21:20":1,"s:22:10:27:Infinity":2}}}
,"C:\\Users\\ricky\\source\\repos\\val-builder\\val-builder\\src\\components\\cards\\DraggableCard.tsx": {"path":"C:\\Users\\ricky\\source\\repos\\val-builder\\val-builder\\src\\components\\cards\\DraggableCard.tsx","statementMap":{"0":{"start":{"line":9,"column":59},"end":{"line":44,"column":null}},"1":{"start":{"line":14,"column":34},"end":{"line":14,"column":null}},"2":{"start":{"line":16,"column":26},"end":{"line":22,"column":null}},"3":{"start":{"line":17,"column":4},"end":{"line":17,"column":null}},"4":{"start":{"line":18,"column":4},"end":{"line":18,"column":null}},"5":{"start":{"line":19,"column":4},"end":{"line":19,"column":null}},"6":{"start":{"line":20,"column":4},"end":{"line":20,"column":null}},"7":{"start":{"line":21,"column":4},"end":{"line":21,"column":null}},"8":{"start":{"line":24,"column":24},"end":{"line":26,"column":null}},"9":{"start":{"line":25,"column":4},"end":{"line":25,"column":null}},"10":{"start":{"line":28,"column":2},"end":{"line":42,"column":null}}},"fnMap":{"0":{"name":"(anonymous_0)","decl":{"start":{"line":9,"column":59},"end":{"line":9,"column":60}},"loc":{"start":{"line":13,"column":6},"end":{"line":44,"column":null}},"line":13},"1":{"name":"(anonymous_1)","decl":{"start":{"line":16,"column":26},"end":{"line":16,"column":27}},"loc":{"start":{"line":16,"column":50},"end":{"line":22,"column":null}},"line":16},"2":{"name":"(anonymous_2)","decl":{"start":{"line":24,"column":24},"end":{"line":24,"column":30}},"loc":{"start":{"line":24,"column":30},"end":{"line":26,"column":null}},"line":24}},"branchMap":{"0":{"loc":{"start":{"line":32,"column":9},"end":{"line":32,"column":null}},"type":"cond-expr","locations":[{"start":{"line":32,"column":22},"end":{"line":32,"column":53}},{"start":{"line":32,"column":53},"end":{"line":32,"column":null}}],"line":32}},"s":{"0":2,"1":8,"2":8,"3":1,"4":1,"5":1,"6":1,"7":1,"8":8,"9":0,"10":8},"f":{"0":8,"1":1,"2":0},"b":{"0":[1,7]},"meta":{"lastBranch":1,"lastFunction":3,"lastStatement":11,"seen":{"s:9:59:44:Infinity":0,"f:9:59:9:60":0,"s:14:34:14:Infinity":1,"s:16:26:22:Infinity":2,"f:16:26:16:27":1,"s:17:4:17:Infinity":3,"s:18:4:18:Infinity":4,"s:19:4:19:Infinity":5,"s:20:4:20:Infinity":6,"s:21:4:21:Infinity":7,"s:24:24:26:Infinity":8,"f:24:24:24:30":2,"s:25:4:25:Infinity":9,"s:28:2:42:Infinity":10,"b:32:22:32:53:32:53:32:Infinity":0}}}
,"C:\\Users\\ricky\\source\\repos\\val-builder\\val-builder\\src\\components\\comments\\CommentSidebar.css": {"path":"C:\\Users\\ricky\\source\\repos\\val-builder\\val-builder\\src\\components\\comments\\CommentSidebar.css","statementMap":{},"fnMap":{},"branchMap":{},"s":{},"f":{},"b":{},"meta":{"lastBranch":0,"lastFunction":0,"lastStatement":0,"seen":{}}}
,"C:\\Users\\ricky\\source\\repos\\val-builder\\val-builder\\src\\components\\comments\\CommentSidebar.tsx": {"path":"C:\\Users\\ricky\\source\\repos\\val-builder\\val-builder\\src\\components\\comments\\CommentSidebar.tsx","statementMap":{"0":{"start":{"line":17,"column":61},"end":{"line":189,"column":null}},"1":{"start":{"line":26,"column":48},"end":{"line":26,"column":null}},"2":{"start":{"line":27,"column":52},"end":{"line":27,"column":null}},"3":{"start":{"line":29,"column":27},"end":{"line":35,"column":null}},"4":{"start":{"line":30,"column":20},"end":{"line":30,"column":null}},"5":{"start":{"line":31,"column":4},"end":{"line":34,"column":null}},"6":{"start":{"line":32,"column":6},"end":{"line":32,"column":null}},"7":{"start":{"line":33,"column":6},"end":{"line":33,"column":null}},"8":{"start":{"line":37,"column":29},"end":{"line":43,"column":null}},"9":{"start":{"line":38,"column":20},"end":{"line":38,"column":null}},"10":{"start":{"line":39,"column":4},"end":{"line":42,"column":null}},"11":{"start":{"line":40,"column":6},"end":{"line":40,"column":null}},"12":{"start":{"line":41,"column":6},"end":{"line":41,"column":null}},"13":{"start":{"line":45,"column":21},"end":{"line":58,"column":null}},"14":{"start":{"line":46,"column":17},"end":{"line":46,"column":null}},"15":{"start":{"line":47,"column":16},"end":{"line":47,"column":null}},"16":{"start":{"line":48,"column":17},"end":{"line":48,"column":null}},"17":{"start":{"line":49,"column":20},"end":{"line":49,"column":null}},"18":{"start":{"line":50,"column":18},"end":{"line":50,"column":null}},"19":{"start":{"line":51,"column":17},"end":{"line":51,"column":null}},"20":{"start":{"line":53,"column":4},"end":{"line":53,"column":null}},"21":{"start":{"line":53,"column":21},"end":{"line":53,"column":null}},"22":{"start":{"line":54,"column":4},"end":{"line":54,"column":null}},"23":{"start":{"line":54,"column":22},"end":{"line":54,"column":null}},"24":{"start":{"line":55,"column":4},"end":{"line":55,"column":null}},"25":{"start":{"line":55,"column":20},"end":{"line":55,"column":null}},"26":{"start":{"line":56,"column":4},"end":{"line":56,"column":null}},"27":{"start":{"line":56,"column":18},"end":{"line":56,"column":null}},"28":{"start":{"line":57,"column":4},"end":{"line":57,"column":null}},"29":{"start":{"line":60,"column":2},"end":{"line":187,"column":null}},"30":{"start":{"line":64,"column":61},"end":{"line":64,"column":72}},"31":{"start":{"line":72,"column":27},"end":{"line":72,"column":null}},"32":{"start":{"line":74,"column":12},"end":{"line":77,"column":null}},"33":{"start":{"line":75,"column":14},"end":{"line":75,"column":null}},"34":{"start":{"line":76,"column":14},"end":{"line":76,"column":null}},"35":{"start":{"line":92,"column":10},"end":{"line":177,"column":null}},"36":{"start":{"line":95,"column":27},"end":{"line":95,"column":null}},"37":{"start":{"line":108,"column":18},"end":{"line":108,"column":null}},"38":{"start":{"line":109,"column":18},"end":{"line":109,"column":null}},"39":{"start":{"line":118,"column":16},"end":{"line":144,"column":null}},"40":{"start":{"line":135,"column":26},"end":{"line":135,"column":null}},"41":{"start":{"line":136,"column":26},"end":{"line":136,"column":null}},"42":{"start":{"line":155,"column":20},"end":{"line":155,"column":null}},"43":{"start":{"line":157,"column":34},"end":{"line":157,"column":null}},"44":{"start":{"line":159,"column":20},"end":{"line":162,"column":null}},"45":{"start":{"line":160,"column":22},"end":{"line":160,"column":null}},"46":{"start":{"line":161,"column":22},"end":{"line":161,"column":null}},"47":{"start":{"line":168,"column":20},"end":{"line":168,"column":null}},"48":{"start":{"line":169,"column":20},"end":{"line":169,"column":null}}},"fnMap":{"0":{"name":"(anonymous_0)","decl":{"start":{"line":17,"column":61},"end":{"line":17,"column":62}},"loc":{"start":{"line":25,"column":6},"end":{"line":189,"column":null}},"line":25},"1":{"name":"(anonymous_1)","decl":{"start":{"line":29,"column":27},"end":{"line":29,"column":28}},"loc":{"start":{"line":29,"column":49},"end":{"line":35,"column":null}},"line":29},"2":{"name":"(anonymous_2)","decl":{"start":{"line":37,"column":29},"end":{"line":37,"column":35}},"loc":{"start":{"line":37,"column":35},"end":{"line":43,"column":null}},"line":37},"3":{"name":"(anonymous_3)","decl":{"start":{"line":45,"column":21},"end":{"line":45,"column":22}},"loc":{"start":{"line":45,"column":45},"end":{"line":58,"column":null}},"line":45},"4":{"name":"(anonymous_4)","decl":{"start":{"line":64,"column":56},"end":{"line":64,"column":61}},"loc":{"start":{"line":64,"column":61},"end":{"line":64,"column":72}},"line":64},"5":{"name":"(anonymous_5)","decl":{"start":{"line":72,"column":20},"end":{"line":72,"column":21}},"loc":{"start":{"line":72,"column":27},"end":{"line":72,"column":null}},"line":72},"6":{"name":"(anonymous_6)","decl":{"start":{"line":73,"column":21},"end":{"line":73,"column":22}},"loc":{"start":{"line":73,"column":28},"end":{"line":78,"column":null}},"line":73},"7":{"name":"(anonymous_7)","decl":{"start":{"line":91,"column":21},"end":{"line":91,"column":22}},"loc":{"start":{"line":92,"column":10},"end":{"line":177,"column":null}},"line":92},"8":{"name":"(anonymous_8)","decl":{"start":{"line":95,"column":21},"end":{"line":95,"column":27}},"loc":{"start":{"line":95,"column":27},"end":{"line":95,"column":null}},"line":95},"9":{"name":"(anonymous_9)","decl":{"start":{"line":107,"column":25},"end":{"line":107,"column":26}},"loc":{"start":{"line":107,"column":32},"end":{"line":110,"column":null}},"line":107},"10":{"name":"(anonymous_10)","decl":{"start":{"line":117,"column":35},"end":{"line":117,"column":36}},"loc":{"start":{"line":118,"column":16},"end":{"line":144,"column":null}},"line":118},"11":{"name":"(anonymous_11)","decl":{"start":{"line":134,"column":33},"end":{"line":134,"column":34}},"loc":{"start":{"line":134,"column":40},"end":{"line":137,"column":null}},"line":134},"12":{"name":"(anonymous_12)","decl":{"start":{"line":154,"column":28},"end":{"line":154,"column":29}},"loc":{"start":{"line":155,"column":20},"end":{"line":155,"column":null}},"line":155},"13":{"name":"(anonymous_13)","decl":{"start":{"line":157,"column":27},"end":{"line":157,"column":28}},"loc":{"start":{"line":157,"column":34},"end":{"line":157,"column":null}},"line":157},"14":{"name":"(anonymous_14)","decl":{"start":{"line":158,"column":29},"end":{"line":158,"column":30}},"loc":{"start":{"line":158,"column":36},"end":{"line":163,"column":null}},"line":158},"15":{"name":"(anonymous_15)","decl":{"start":{"line":167,"column":27},"end":{"line":167,"column":28}},"loc":{"start":{"line":167,"column":34},"end":{"line":170,"column":null}},"line":167}},"branchMap":{"0":{"loc":{"start":{"line":31,"column":4},"end":{"line":34,"column":null}},"type":"if","locations":[{"start":{"line":31,"column":4},"end":{"line":34,"column":null}},{"start":{},"end":{}}],"line":31},"1":{"loc":{"start":{"line":39,"column":4},"end":{"line":42,"column":null}},"type":"if","locations":[{"start":{"line":39,"column":4},"end":{"line":42,"column":null}},{"start":{},"end":{}}],"line":39},"2":{"loc":{"start":{"line":53,"column":4},"end":{"line":53,"column":null}},"type":"if","locations":[{"start":{"line":53,"column":4},"end":{"line":53,"column":null}},{"start":{},"end":{}}],"line":53},"3":{"loc":{"start":{"line":54,"column":4},"end":{"line":54,"column":null}},"type":"if","locations":[{"start":{"line":54,"column":4},"end":{"line":54,"column":null}},{"start":{},"end":{}}],"line":54},"4":{"loc":{"start":{"line":55,"column":4},"end":{"line":55,"column":null}},"type":"if","locations":[{"start":{"line":55,"column":4},"end":{"line":55,"column":null}},{"start":{},"end":{}}],"line":55},"5":{"loc":{"start":{"line":56,"column":4},"end":{"line":56,"column":null}},"type":"if","locations":[{"start":{"line":56,"column":4},"end":{"line":56,"column":null}},{"start":{},"end":{}}],"line":56},"6":{"loc":{"start":{"line":74,"column":12},"end":{"line":77,"column":null}},"type":"if","locations":[{"start":{"line":74,"column":12},"end":{"line":77,"column":null}},{"start":{},"end":{}}],"line":74},"7":{"loc":{"start":{"line":74,"column":16},"end":{"line":74,"column":50}},"type":"binary-expr","locations":[{"start":{"line":74,"column":16},"end":{"line":74,"column":37}},{"start":{"line":74,"column":37},"end":{"line":74,"column":50}}],"line":74},"8":{"loc":{"start":{"line":94,"column":41},"end":{"line":94,"column":85}},"type":"cond-expr","locations":[{"start":{"line":94,"column":72},"end":{"line":94,"column":83}},{"start":{"line":94,"column":83},"end":{"line":94,"column":85}}],"line":94},"9":{"loc":{"start":{"line":94,"column":89},"end":{"line":94,"column":122}},"type":"cond-expr","locations":[{"start":{"line":94,"column":107},"end":{"line":94,"column":120}},{"start":{"line":94,"column":120},"end":{"line":94,"column":122}}],"line":94},"10":{"loc":{"start":{"line":99,"column":17},"end":{"line":102,"column":null}},"type":"cond-expr","locations":[{"start":{"line":100,"column":18},"end":{"line":100,"column":null}},{"start":{"line":102,"column":18},"end":{"line":102,"column":null}}],"line":99},"11":{"loc":{"start":{"line":112,"column":17},"end":{"line":112,"column":null}},"type":"cond-expr","locations":[{"start":{"line":112,"column":35},"end":{"line":112,"column":46}},{"start":{"line":112,"column":46},"end":{"line":112,"column":null}}],"line":112},"12":{"loc":{"start":{"line":121,"column":23},"end":{"line":126,"column":null}},"type":"cond-expr","locations":[{"start":{"line":122,"column":24},"end":{"line":122,"column":null}},{"start":{"line":124,"column":24},"end":{"line":126,"column":null}}],"line":121},"13":{"loc":{"start":{"line":148,"column":13},"end":{"line":175,"column":null}},"type":"binary-expr","locations":[{"start":{"line":148,"column":13},"end":{"line":148,"column":null}},{"start":{"line":149,"column":14},"end":{"line":175,"column":null}}],"line":148},"14":{"loc":{"start":{"line":153,"column":25},"end":{"line":153,"column":null}},"type":"binary-expr","locations":[{"start":{"line":153,"column":25},"end":{"line":153,"column":57}},{"start":{"line":153,"column":57},"end":{"line":153,"column":null}}],"line":153},"15":{"loc":{"start":{"line":159,"column":20},"end":{"line":162,"column":null}},"type":"if","locations":[{"start":{"line":159,"column":20},"end":{"line":162,"column":null}},{"start":{},"end":{}}],"line":159},"16":{"loc":{"start":{"line":159,"column":24},"end":{"line":159,"column":58}},"type":"binary-expr","locations":[{"start":{"line":159,"column":24},"end":{"line":159,"column":45}},{"start":{"line":159,"column":45},"end":{"line":159,"column":58}}],"line":159},"17":{"loc":{"start":{"line":180,"column":9},"end":{"line":184,"column":null}},"type":"binary-expr","locations":[{"start":{"line":180,"column":9},"end":{"line":180,"column":null}},{"start":{"line":181,"column":10},"end":{"line":184,"column":null}}],"line":180}},"s":{"0":1,"1":55,"2":55,"3":55,"4":0,"5":0,"6":0,"7":0,"8":55,"9":2,"10":2,"11":2,"12":2,"13":55,"14":56,"15":56,"16":56,"17":56,"18":56,"19":56,"20":56,"21":56,"22":0,"23":0,"24":0,"25":0,"26":0,"27":0,"28":0,"29":55,"30":56,"31":41,"32":41,"33":0,"34":0,"35":56,"36":1,"37":0,"38":0,"39":56,"40":0,"41":0,"42":0,"43":0,"44":0,"45":0,"46":0,"47":0,"48":0},"f":{"0":55,"1":0,"2":2,"3":56,"4":56,"5":41,"6":41,"7":56,"8":1,"9":0,"10":56,"11":0,"12":0,"13":0,"14":0,"15":0},"b":{"0":[0,0],"1":[2,0],"2":[56,0],"3":[0,0],"4":[0,0],"5":[0,0],"6":[0,41],"7":[41,0],"8":[1,55],"9":[2,54],"10":[2,54],"11":[2,54],"12":[0,56],"13":[56,54],"14":[54,54],"15":[0,0],"16":[0,0],"17":[55,0]},"meta":{"lastBranch":18,"lastFunction":16,"lastStatement":49,"seen":{"s:17:61:189:Infinity":0,"f:17:61:17:62":0,"s:26:48:26:Infinity":1,"s:27:52:27:Infinity":2,"s:29:27:35:Infinity":3,"f:29:27:29:28":1,"s:30:20:30:Infinity":4,"b:31:4:34:Infinity:undefined:undefined:undefined:undefined":0,"s:31:4:34:Infinity":5,"s:32:6:32:Infinity":6,"s:33:6:33:Infinity":7,"s:37:29:43:Infinity":8,"f:37:29:37:35":2,"s:38:20:38:Infinity":9,"b:39:4:42:Infinity:undefined:undefined:undefined:undefined":1,"s:39:4:42:Infinity":10,"s:40:6:40:Infinity":11,"s:41:6:41:Infinity":12,"s:45:21:58:Infinity":13,"f:45:21:45:22":3,"s:46:17:46:Infinity":14,"s:47:16:47:Infinity":15,"s:48:17:48:Infinity":16,"s:49:20:49:Infinity":17,"s:50:18:50:Infinity":18,"s:51:17:51:Infinity":19,"b:53:4:53:Infinity:undefined:undefined:undefined:undefined":2,"s:53:4:53:Infinity":20,"s:53:21:53:Infinity":21,"b:54:4:54:Infinity:undefined:undefined:undefined:undefined":3,"s:54:4:54:Infinity":22,"s:54:22:54:Infinity":23,"b:55:4:55:Infinity:undefined:undefined:undefined:undefined":4,"s:55:4:55:Infinity":24,"s:55:20:55:Infinity":25,"b:56:4:56:Infinity:undefined:undefined:undefined:undefined":5,"s:56:4:56:Infinity":26,"s:56:18:56:Infinity":27,"s:57:4:57:Infinity":28,"s:60:2:187:Infinity":29,"f:64:56:64:61":4,"s:64:61:64:72":30,"f:72:20:72:21":5,"s:72:27:72:Infinity":31,"f:73:21:73:22":6,"b:74:12:77:Infinity:undefined:undefined:undefined:undefined":6,"s:74:12:77:Infinity":32,"b:74:16:74:37:74:37:74:50":7,"s:75:14:75:Infinity":33,"s:76:14:76:Infinity":34,"f:91:21:91:22":7,"s:92:10:177:Infinity":35,"b:94:72:94:83:94:83:94:85":8,"b:94:107:94:120:94:120:94:122":9,"f:95:21:95:27":8,"s:95:27:95:Infinity":36,"b:100:18:100:Infinity:102:18:102:Infinity":10,"f:107:25:107:26":9,"s:108:18:108:Infinity":37,"s:109:18:109:Infinity":38,"b:112:35:112:46:112:46:112:Infinity":11,"f:117:35:117:36":10,"s:118:16:144:Infinity":39,"b:122:24:122:Infinity:124:24:126:Infinity":12,"f:134:33:134:34":11,"s:135:26:135:Infinity":40,"s:136:26:136:Infinity":41,"b:148:13:148:Infinity:149:14:175:Infinity":13,"b:153:25:153:57:153:57:153:Infinity":14,"f:154:28:154:29":12,"s:155:20:155:Infinity":42,"f:157:27:157:28":13,"s:157:34:157:Infinity":43,"f:158:29:158:30":14,"b:159:20:162:Infinity:undefined:undefined:undefined:undefined":15,"s:159:20:162:Infinity":44,"b:159:24:159:45:159:45:159:58":16,"s:160:22:160:Infinity":45,"s:161:22:161:Infinity":46,"f:167:27:167:28":15,"s:168:20:168:Infinity":47,"s:169:20:169:Infinity":48,"b:180:9:180:Infinity:181:10:184:Infinity":17}}}
,"C:\\Users\\ricky\\source\\repos\\val-builder\\val-builder\\src\\components\\editor\\EditorToolbar.tsx": {"path":"C:\\Users\\ricky\\source\\repos\\val-builder\\val-builder\\src\\components\\editor\\EditorToolbar.tsx","statementMap":{"0":{"start":{"line":26,"column":59},"end":{"line":112,"column":null}},"1":{"start":{"line":31,"column":2},"end":{"line":33,"column":null}},"2":{"start":{"line":32,"column":4},"end":{"line":32,"column":null}},"3":{"start":{"line":35,"column":2},"end":{"line":110,"column":null}},"4":{"start":{"line":41,"column":23},"end":{"line":41,"column":null}},"5":{"start":{"line":52,"column":23},"end":{"line":52,"column":null}},"6":{"start":{"line":63,"column":23},"end":{"line":63,"column":null}},"7":{"start":{"line":75,"column":23},"end":{"line":75,"column":null}},"8":{"start":{"line":86,"column":23},"end":{"line":86,"column":null}}},"fnMap":{"0":{"name":"(anonymous_0)","decl":{"start":{"line":26,"column":59},"end":{"line":26,"column":60}},"loc":{"start":{"line":30,"column":6},"end":{"line":112,"column":null}},"line":30},"1":{"name":"(anonymous_1)","decl":{"start":{"line":41,"column":17},"end":{"line":41,"column":23}},"loc":{"start":{"line":41,"column":23},"end":{"line":41,"column":null}},"line":41},"2":{"name":"(anonymous_2)","decl":{"start":{"line":52,"column":17},"end":{"line":52,"column":23}},"loc":{"start":{"line":52,"column":23},"end":{"line":52,"column":null}},"line":52},"3":{"name":"(anonymous_3)","decl":{"start":{"line":63,"column":17},"end":{"line":63,"column":23}},"loc":{"start":{"line":63,"column":23},"end":{"line":63,"column":null}},"line":63},"4":{"name":"(anonymous_4)","decl":{"start":{"line":75,"column":17},"end":{"line":75,"column":23}},"loc":{"start":{"line":75,"column":23},"end":{"line":75,"column":null}},"line":75},"5":{"name":"(anonymous_5)","decl":{"start":{"line":86,"column":17},"end":{"line":86,"column":23}},"loc":{"start":{"line":86,"column":23},"end":{"line":86,"column":null}},"line":86}},"branchMap":{"0":{"loc":{"start":{"line":28,"column":2},"end":{"line":28,"column":null}},"type":"default-arg","locations":[{"start":{"line":28,"column":17},"end":{"line":28,"column":null}}],"line":28},"1":{"loc":{"start":{"line":31,"column":2},"end":{"line":33,"column":null}},"type":"if","locations":[{"start":{"line":31,"column":2},"end":{"line":33,"column":null}},{"start":{},"end":{}}],"line":31},"2":{"loc":{"start":{"line":39,"column":17},"end":{"line":39,"column":null}},"type":"cond-expr","locations":[{"start":{"line":39,"column":43},"end":{"line":39,"column":55}},{"start":{"line":39,"column":55},"end":{"line":39,"column":null}}],"line":39},"3":{"loc":{"start":{"line":50,"column":17},"end":{"line":50,"column":null}},"type":"cond-expr","locations":[{"start":{"line":50,"column":45},"end":{"line":50,"column":57}},{"start":{"line":50,"column":57},"end":{"line":50,"column":null}}],"line":50},"4":{"loc":{"start":{"line":61,"column":17},"end":{"line":61,"column":null}},"type":"cond-expr","locations":[{"start":{"line":61,"column":48},"end":{"line":61,"column":60}},{"start":{"line":61,"column":60},"end":{"line":61,"column":null}}],"line":61},"5":{"loc":{"start":{"line":73,"column":17},"end":{"line":73,"column":null}},"type":"cond-expr","locations":[{"start":{"line":73,"column":49},"end":{"line":73,"column":61}},{"start":{"line":73,"column":61},"end":{"line":73,"column":null}}],"line":73},"6":{"loc":{"start":{"line":84,"column":17},"end":{"line":84,"column":null}},"type":"cond-expr","locations":[{"start":{"line":84,"column":50},"end":{"line":84,"column":62}},{"start":{"line":84,"column":62},"end":{"line":84,"column":null}}],"line":84},"7":{"loc":{"start":{"line":93,"column":7},"end":{"line":108,"column":null}},"type":"binary-expr","locations":[{"start":{"line":93,"column":7},"end":{"line":93,"column":23}},{"start":{"line":93,"column":23},"end":{"line":93,"column":null}},{"start":{"line":94,"column":8},"end":{"line":108,"column":null}}],"line":93},"8":{"loc":{"start":{"line":98,"column":21},"end":{"line":98,"column":null}},"type":"cond-expr","locations":[{"start":{"line":98,"column":50},"end":{"line":98,"column":62}},{"start":{"line":98,"column":62},"end":{"line":98,"column":null}}],"line":98}},"s":{"0":2,"1":18,"2":1,"3":17,"4":1,"5":1,"6":1,"7":1,"8":1},"f":{"0":18,"1":1,"2":1,"3":1,"4":1,"5":1},"b":{"0":[18],"1":[1,17],"2":[1,16],"3":[0,17],"4":[0,17],"5":[0,17],"6":[0,17],"7":[18,5,5],"8":[0,5]},"meta":{"lastBranch":9,"lastFunction":6,"lastStatement":9,"seen":{"s:26:59:112:Infinity":0,"f:26:59:26:60":0,"b:28:17:28:Infinity":0,"b:31:2:33:Infinity:undefined:undefined:undefined:undefined":1,"s:31:2:33:Infinity":1,"s:32:4:32:Infinity":2,"s:35:2:110:Infinity":3,"b:39:43:39:55:39:55:39:Infinity":2,"f:41:17:41:23":1,"s:41:23:41:Infinity":4,"b:50:45:50:57:50:57:50:Infinity":3,"f:52:17:52:23":2,"s:52:23:52:Infinity":5,"b:61:48:61:60:61:60:61:Infinity":4,"f:63:17:63:23":3,"s:63:23:63:Infinity":6,"b:73:49:73:61:73:61:73:Infinity":5,"f:75:17:75:23":4,"s:75:23:75:Infinity":7,"b:84:50:84:62:84:62:84:Infinity":6,"f:86:17:86:23":5,"s:86:23:86:Infinity":8,"b:93:7:93:23:93:23:93:Infinity:94:8:108:Infinity":7,"b:98:50:98:62:98:62:98:Infinity":8}}}
,"C:\\Users\\ricky\\source\\repos\\val-builder\\val-builder\\src\\components\\editor\\RichTextEditor.tsx": {"path":"C:\\Users\\ricky\\source\\repos\\val-builder\\val-builder\\src\\components\\editor\\RichTextEditor.tsx","statementMap":{"0":{"start":{"line":15,"column":61},"end":{"line":90,"column":null}},"1":{"start":{"line":22,"column":8},"end":{"line":55,"column":null}},"2":{"start":{"line":29,"column":6},"end":{"line":29,"column":null}},"3":{"start":{"line":38,"column":8},"end":{"line":40,"column":null}},"4":{"start":{"line":39,"column":10},"end":{"line":39,"column":null}},"5":{"start":{"line":43,"column":8},"end":{"line":43,"column":null}},"6":{"start":{"line":44,"column":21},"end":{"line":44,"column":null}},"7":{"start":{"line":45,"column":8},"end":{"line":51,"column":null}},"8":{"start":{"line":46,"column":22},"end":{"line":46,"column":null}},"9":{"start":{"line":47,"column":10},"end":{"line":50,"column":null}},"10":{"start":{"line":48,"column":12},"end":{"line":48,"column":null}},"11":{"start":{"line":49,"column":12},"end":{"line":49,"column":null}},"12":{"start":{"line":52,"column":8},"end":{"line":52,"column":null}},"13":{"start":{"line":57,"column":25},"end":{"line":60,"column":null}},"14":{"start":{"line":58,"column":4},"end":{"line":58,"column":null}},"15":{"start":{"line":59,"column":4},"end":{"line":59,"column":null}},"16":{"start":{"line":62,"column":2},"end":{"line":64,"column":null}},"17":{"start":{"line":63,"column":4},"end":{"line":63,"column":null}},"18":{"start":{"line":66,"column":2},"end":{"line":88,"column":null}}},"fnMap":{"0":{"name":"(anonymous_0)","decl":{"start":{"line":15,"column":61},"end":{"line":15,"column":62}},"loc":{"start":{"line":21,"column":6},"end":{"line":90,"column":null}},"line":21},"1":{"name":"(anonymous_1)","decl":{"start":{"line":28,"column":14},"end":{"line":28,"column":15}},"loc":{"start":{"line":28,"column":30},"end":{"line":30,"column":null}},"line":28},"2":{"name":"(anonymous_2)","decl":{"start":{"line":36,"column":18},"end":{"line":36,"column":19}},"loc":{"start":{"line":36,"column":50},"end":{"line":53,"column":null}},"line":36},"3":{"name":"(anonymous_3)","decl":{"start":{"line":57,"column":25},"end":{"line":57,"column":26}},"loc":{"start":{"line":57,"column":49},"end":{"line":60,"column":null}},"line":57}},"branchMap":{"0":{"loc":{"start":{"line":18,"column":2},"end":{"line":18,"column":null}},"type":"default-arg","locations":[{"start":{"line":18,"column":16},"end":{"line":18,"column":null}}],"line":18},"1":{"loc":{"start":{"line":19,"column":2},"end":{"line":19,"column":null}},"type":"default-arg","locations":[{"start":{"line":19,"column":17},"end":{"line":19,"column":null}}],"line":19},"2":{"loc":{"start":{"line":38,"column":8},"end":{"line":40,"column":null}},"type":"if","locations":[{"start":{"line":38,"column":8},"end":{"line":40,"column":null}},{"start":{},"end":{}}],"line":38},"3":{"loc":{"start":{"line":45,"column":8},"end":{"line":51,"column":null}},"type":"if","locations":[{"start":{"line":45,"column":8},"end":{"line":51,"column":null}},{"start":{},"end":{}}],"line":45},"4":{"loc":{"start":{"line":45,"column":12},"end":{"line":45,"column":28}},"type":"binary-expr","locations":[{"start":{"line":45,"column":12},"end":{"line":45,"column":20}},{"start":{"line":45,"column":20},"end":{"line":45,"column":28}}],"line":45},"5":{"loc":{"start":{"line":47,"column":10},"end":{"line":50,"column":null}},"type":"if","locations":[{"start":{"line":47,"column":10},"end":{"line":50,"column":null}},{"start":{},"end":{}}],"line":47},"6":{"loc":{"start":{"line":62,"column":2},"end":{"line":64,"column":null}},"type":"if","locations":[{"start":{"line":62,"column":2},"end":{"line":64,"column":null}},{"start":{},"end":{}}],"line":62}},"s":{"0":1,"1":9,"2":0,"3":0,"4":0,"5":0,"6":0,"7":0,"8":0,"9":0,"10":0,"11":0,"12":0,"13":9,"14":1,"15":1,"16":9,"17":0,"18":9},"f":{"0":9,"1":0,"2":0,"3":1},"b":{"0":[9],"1":[9],"2":[0,0],"3":[0,0],"4":[0,0],"5":[0,0],"6":[0,9]},"meta":{"lastBranch":7,"lastFunction":4,"lastStatement":19,"seen":{"s:15:61:90:Infinity":0,"f:15:61:15:62":0,"b:18:16:18:Infinity":0,"b:19:17:19:Infinity":1,"s:22:8:55:Infinity":1,"f:28:14:28:15":1,"s:29:6:29:Infinity":2,"f:36:18:36:19":2,"b:38:8:40:Infinity:undefined:undefined:undefined:undefined":2,"s:38:8:40:Infinity":3,"s:39:10:39:Infinity":4,"s:43:8:43:Infinity":5,"s:44:21:44:Infinity":6,"b:45:8:51:Infinity:undefined:undefined:undefined:undefined":3,"s:45:8:51:Infinity":7,"b:45:12:45:20:45:20:45:28":4,"s:46:22:46:Infinity":8,"b:47:10:50:Infinity:undefined:undefined:undefined:undefined":5,"s:47:10:50:Infinity":9,"s:48:12:48:Infinity":10,"s:49:12:49:Infinity":11,"s:52:8:52:Infinity":12,"s:57:25:60:Infinity":13,"f:57:25:57:26":3,"s:58:4:58:Infinity":14,"s:59:4:59:Infinity":15,"b:62:2:64:Infinity:undefined:undefined:undefined:undefined":6,"s:62:2:64:Infinity":16,"s:63:4:63:Infinity":17,"s:66:2:88:Infinity":18}}}
,"C:\\Users\\ricky\\source\\repos\\val-builder\\val-builder\\src\\components\\header\\Header.tsx": {"path":"C:\\Users\\ricky\\source\\repos\\val-builder\\val-builder\\src\\components\\header\\Header.tsx","statementMap":{"0":{"start":{"line":11,"column":45},"end":{"line":68,"column":null}},"1":{"start":{"line":17,"column":2},"end":{"line":66,"column":null}}},"fnMap":{"0":{"name":"(anonymous_0)","decl":{"start":{"line":11,"column":45},"end":{"line":11,"column":46}},"loc":{"start":{"line":16,"column":6},"end":{"line":68,"column":null}},"line":16}},"branchMap":{},"s":{"0":1,"1":8},"f":{"0":8},"b":{},"meta":{"lastBranch":0,"lastFunction":1,"lastStatement":2,"seen":{"s:11:45:68:Infinity":0,"f:11:45:11:46":0,"s:17:2:66:Infinity":1}}}
,"C:\\Users\\ricky\\source\\repos\\val-builder\\val-builder\\src\\components\\sections\\SectionContent.tsx": {"path":"C:\\Users\\ricky\\source\\repos\\val-builder\\val-builder\\src\\components\\sections\\SectionContent.tsx","statementMap":{"0":{"start":{"line":23,"column":61},"end":{"line":173,"column":null}},"1":{"start":{"line":30,"column":28},"end":{"line":30,"column":null}},"2":{"start":{"line":31,"column":42},"end":{"line":31,"column":null}},"3":{"start":{"line":33,"column":36},"end":{"line":55,"column":null}},"4":{"start":{"line":34,"column":21},"end":{"line":34,"column":null}},"5":{"start":{"line":35,"column":37},"end":{"line":51,"column":null}},"6":{"start":{"line":53,"column":4},"end":{"line":53,"column":null}},"7":{"start":{"line":54,"column":4},"end":{"line":54,"column":null}},"8":{"start":{"line":57,"column":35},"end":{"line":79,"column":null}},"9":{"start":{"line":58,"column":21},"end":{"line":58,"column":null}},"10":{"start":{"line":59,"column":37},"end":{"line":75,"column":null}},"11":{"start":{"line":77,"column":4},"end":{"line":77,"column":null}},"12":{"start":{"line":78,"column":4},"end":{"line":78,"column":null}},"13":{"start":{"line":81,"column":27},"end":{"line":99,"column":null}},"14":{"start":{"line":82,"column":23},"end":{"line":92,"column":null}},"15":{"start":{"line":94,"column":4},"end":{"line":98,"column":null}},"16":{"start":{"line":95,"column":6},"end":{"line":97,"column":null}},"17":{"start":{"line":101,"column":30},"end":{"line":107,"column":null}},"18":{"start":{"line":102,"column":4},"end":{"line":106,"column":null}},"19":{"start":{"line":103,"column":6},"end":{"line":105,"column":null}},"20":{"start":{"line":109,"column":30},"end":{"line":120,"column":null}},"21":{"start":{"line":110,"column":4},"end":{"line":119,"column":null}},"22":{"start":{"line":111,"column":6},"end":{"line":117,"column":null}},"23":{"start":{"line":112,"column":32},"end":{"line":112,"column":null}},"24":{"start":{"line":112,"column":60},"end":{"line":112,"column":78}},"25":{"start":{"line":113,"column":8},"end":{"line":115,"column":null}},"26":{"start":{"line":114,"column":10},"end":{"line":114,"column":null}},"27":{"start":{"line":116,"column":8},"end":{"line":116,"column":null}},"28":{"start":{"line":118,"column":6},"end":{"line":118,"column":null}},"29":{"start":{"line":122,"column":28},"end":{"line":124,"column":null}},"30":{"start":{"line":123,"column":4},"end":{"line":123,"column":null}},"31":{"start":{"line":126,"column":2},"end":{"line":171,"column":null}}},"fnMap":{"0":{"name":"(anonymous_0)","decl":{"start":{"line":23,"column":61},"end":{"line":23,"column":62}},"loc":{"start":{"line":29,"column":6},"end":{"line":173,"column":null}},"line":29},"1":{"name":"(anonymous_1)","decl":{"start":{"line":33,"column":36},"end":{"line":33,"column":42}},"loc":{"start":{"line":33,"column":42},"end":{"line":55,"column":null}},"line":33},"2":{"name":"(anonymous_2)","decl":{"start":{"line":57,"column":35},"end":{"line":57,"column":36}},"loc":{"start":{"line":57,"column":56},"end":{"line":79,"column":null}},"line":57},"3":{"name":"(anonymous_3)","decl":{"start":{"line":81,"column":27},"end":{"line":81,"column":28}},"loc":{"start":{"line":81,"column":66},"end":{"line":99,"column":null}},"line":81},"4":{"name":"(anonymous_4)","decl":{"start":{"line":94,"column":27},"end":{"line":94,"column":null}},"loc":{"start":{"line":95,"column":6},"end":{"line":97,"column":null}},"line":95},"5":{"name":"(anonymous_5)","decl":{"start":{"line":101,"column":30},"end":{"line":101,"column":31}},"loc":{"start":{"line":101,"column":52},"end":{"line":107,"column":null}},"line":101},"6":{"name":"(anonymous_6)","decl":{"start":{"line":102,"column":27},"end":{"line":102,"column":null}},"loc":{"start":{"line":103,"column":6},"end":{"line":105,"column":null}},"line":103},"7":{"name":"(anonymous_7)","decl":{"start":{"line":109,"column":30},"end":{"line":109,"column":31}},"loc":{"start":{"line":109,"column":71},"end":{"line":120,"column":null}},"line":109},"8":{"name":"(anonymous_8)","decl":{"start":{"line":110,"column":27},"end":{"line":110,"column":37}},"loc":{"start":{"line":110,"column":37},"end":{"line":119,"column":5}},"line":110},"9":{"name":"(anonymous_9)","decl":{"start":{"line":112,"column":55},"end":{"line":112,"column":60}},"loc":{"start":{"line":112,"column":60},"end":{"line":112,"column":78}},"line":112},"10":{"name":"(anonymous_10)","decl":{"start":{"line":122,"column":28},"end":{"line":122,"column":29}},"loc":{"start":{"line":122,"column":50},"end":{"line":124,"column":null}},"line":122}},"branchMap":{"0":{"loc":{"start":{"line":95,"column":6},"end":{"line":97,"column":null}},"type":"cond-expr","locations":[{"start":{"line":96,"column":10},"end":{"line":96,"column":null}},{"start":{"line":97,"column":10},"end":{"line":97,"column":null}}],"line":95},"1":{"loc":{"start":{"line":103,"column":6},"end":{"line":105,"column":null}},"type":"cond-expr","locations":[{"start":{"line":104,"column":10},"end":{"line":104,"column":null}},{"start":{"line":105,"column":10},"end":{"line":105,"column":null}}],"line":103},"2":{"loc":{"start":{"line":111,"column":6},"end":{"line":117,"column":null}},"type":"if","locations":[{"start":{"line":111,"column":6},"end":{"line":117,"column":null}},{"start":{},"end":{}}],"line":111},"3":{"loc":{"start":{"line":113,"column":8},"end":{"line":115,"column":null}},"type":"if","locations":[{"start":{"line":113,"column":8},"end":{"line":115,"column":null}},{"start":{},"end":{}}],"line":113},"4":{"loc":{"start":{"line":123,"column":22},"end":{"line":123,"column":67}},"type":"cond-expr","locations":[{"start":{"line":123,"column":52},"end":{"line":123,"column":59}},{"start":{"line":123,"column":59},"end":{"line":123,"column":67}}],"line":123}},"s":{"0":1,"1":8,"2":8,"3":8,"4":1,"5":1,"6":1,"7":1,"8":8,"9":0,"10":0,"11":0,"12":0,"13":8,"14":0,"15":0,"16":0,"17":8,"18":0,"19":0,"20":8,"21":0,"22":0,"23":0,"24":0,"25":0,"26":0,"27":0,"28":0,"29":8,"30":0,"31":8},"f":{"0":8,"1":1,"2":0,"3":0,"4":0,"5":0,"6":0,"7":0,"8":0,"9":0,"10":0},"b":{"0":[0,0],"1":[0,0],"2":[0,0],"3":[0,0],"4":[0,0]},"meta":{"lastBranch":5,"lastFunction":11,"lastStatement":32,"seen":{"s:23:61:173:Infinity":0,"f:23:61:23:62":0,"s:30:28:30:Infinity":1,"s:31:42:31:Infinity":2,"s:33:36:55:Infinity":3,"f:33:36:33:42":1,"s:34:21:34:Infinity":4,"s:35:37:51:Infinity":5,"s:53:4:53:Infinity":6,"s:54:4:54:Infinity":7,"s:57:35:79:Infinity":8,"f:57:35:57:36":2,"s:58:21:58:Infinity":9,"s:59:37:75:Infinity":10,"s:77:4:77:Infinity":11,"s:78:4:78:Infinity":12,"s:81:27:99:Infinity":13,"f:81:27:81:28":3,"s:82:23:92:Infinity":14,"s:94:4:98:Infinity":15,"f:94:27:94:Infinity":4,"s:95:6:97:Infinity":16,"b:96:10:96:Infinity:97:10:97:Infinity":0,"s:101:30:107:Infinity":17,"f:101:30:101:31":5,"s:102:4:106:Infinity":18,"f:102:27:102:Infinity":6,"s:103:6:105:Infinity":19,"b:104:10:104:Infinity:105:10:105:Infinity":1,"s:109:30:120:Infinity":20,"f:109:30:109:31":7,"s:110:4:119:Infinity":21,"f:110:27:110:37":8,"b:111:6:117:Infinity:undefined:undefined:undefined:undefined":2,"s:111:6:117:Infinity":22,"s:112:32:112:Infinity":23,"f:112:55:112:60":9,"s:112:60:112:78":24,"b:113:8:115:Infinity:undefined:undefined:undefined:undefined":3,"s:113:8:115:Infinity":25,"s:114:10:114:Infinity":26,"s:116:8:116:Infinity":27,"s:118:6:118:Infinity":28,"s:122:28:124:Infinity":29,"f:122:28:122:29":10,"s:123:4:123:Infinity":30,"b:123:52:123:59:123:59:123:67":4,"s:126:2:171:Infinity":31}}}
,"C:\\Users\\ricky\\source\\repos\\val-builder\\val-builder\\src\\components\\sections\\SectionNavigation.tsx": {"path":"C:\\Users\\ricky\\source\\repos\\val-builder\\val-builder\\src\\components\\sections\\SectionNavigation.tsx","statementMap":{"0":{"start":{"line":13,"column":67},"end":{"line":44,"column":null}},"1":{"start":{"line":20,"column":2},"end":{"line":42,"column":null}},"2":{"start":{"line":25,"column":25},"end":{"line":25,"column":null}},"3":{"start":{"line":29,"column":10},"end":{"line":31,"column":null}}},"fnMap":{"0":{"name":"(anonymous_0)","decl":{"start":{"line":13,"column":67},"end":{"line":13,"column":68}},"loc":{"start":{"line":19,"column":6},"end":{"line":44,"column":null}},"line":19},"1":{"name":"(anonymous_1)","decl":{"start":{"line":25,"column":18},"end":{"line":25,"column":19}},"loc":{"start":{"line":25,"column":25},"end":{"line":25,"column":null}},"line":25},"2":{"name":"(anonymous_2)","decl":{"start":{"line":28,"column":22},"end":{"line":28,"column":23}},"loc":{"start":{"line":29,"column":10},"end":{"line":31,"column":null}},"line":29}},"branchMap":{},"s":{"0":1,"1":7,"2":1,"3":21},"f":{"0":7,"1":1,"2":21},"b":{},"meta":{"lastBranch":0,"lastFunction":3,"lastStatement":4,"seen":{"s:13:67:44:Infinity":0,"f:13:67:13:68":0,"s:20:2:42:Infinity":1,"f:25:18:25:19":1,"s:25:25:25:Infinity":2,"f:28:22:28:23":2,"s:29:10:31:Infinity":3}}}
,"C:\\Users\\ricky\\source\\repos\\val-builder\\val-builder\\src\\components\\ui\\button.tsx": {"path":"C:\\Users\\ricky\\source\\repos\\val-builder\\val-builder\\src\\components\\ui\\button.tsx","statementMap":{"0":{"start":{"line":7,"column":6},"end":{"line":35,"column":null}},"1":{"start":{"line":43,"column":15},"end":{"line":54,"column":null}},"2":{"start":{"line":45,"column":17},"end":{"line":45,"column":null}},"3":{"start":{"line":46,"column":4},"end":{"line":51,"column":null}},"4":{"start":{"line":55,"column":0},"end":{"line":55,"column":null}}},"fnMap":{"0":{"name":"(anonymous_0)","decl":{"start":{"line":44,"column":2},"end":{"line":44,"column":3}},"loc":{"start":{"line":44,"column":68},"end":{"line":53,"column":null}},"line":44}},"branchMap":{"0":{"loc":{"start":{"line":44,"column":31},"end":{"line":44,"column":48}},"type":"default-arg","locations":[{"start":{"line":44,"column":41},"end":{"line":44,"column":48}}],"line":44},"1":{"loc":{"start":{"line":45,"column":17},"end":{"line":45,"column":null}},"type":"cond-expr","locations":[{"start":{"line":45,"column":27},"end":{"line":45,"column":34}},{"start":{"line":45,"column":34},"end":{"line":45,"column":null}}],"line":45}},"s":{"0":6,"1":6,"2":171,"3":171,"4":6},"f":{"0":171},"b":{"0":[171],"1":[1,170]},"meta":{"lastBranch":2,"lastFunction":1,"lastStatement":5,"seen":{"s:7:6:35:Infinity":0,"s:43:15:54:Infinity":1,"f:44:2:44:3":0,"b:44:41:44:48":0,"s:45:17:45:Infinity":2,"b:45:27:45:34:45:34:45:Infinity":1,"s:46:4:51:Infinity":3,"s:55:0:55:Infinity":4}}}
,"C:\\Users\\ricky\\source\\repos\\val-builder\\val-builder\\src\\components\\ui\\input.tsx": {"path":"C:\\Users\\ricky\\source\\repos\\val-builder\\val-builder\\src\\components\\ui\\input.tsx","statementMap":{"0":{"start":{"line":6,"column":21},"end":{"line":17,"column":null}},"1":{"start":{"line":8,"column":4},"end":{"line":15,"column":null}},"2":{"start":{"line":19,"column":0},"end":{"line":19,"column":null}}},"fnMap":{"0":{"name":"(anonymous_0)","decl":{"start":{"line":7,"column":2},"end":{"line":7,"column":3}},"loc":{"start":{"line":8,"column":4},"end":{"line":15,"column":null}},"line":8}},"branchMap":{},"s":{"0":2,"1":26,"2":2},"f":{"0":26},"b":{},"meta":{"lastBranch":0,"lastFunction":1,"lastStatement":3,"seen":{"s:6:21:17:Infinity":0,"f:7:2:7:3":0,"s:8:4:15:Infinity":1,"s:19:0:19:Infinity":2}}}
,"C:\\Users\\ricky\\source\\repos\\val-builder\\val-builder\\src\\components\\ui\\select.tsx": {"path":"C:\\Users\\ricky\\source\\repos\\val-builder\\val-builder\\src\\components\\ui\\select.tsx","statementMap":{"0":{"start":{"line":6,"column":22},"end":{"line":17,"column":null}},"1":{"start":{"line":8,"column":4},"end":{"line":15,"column":null}},"2":{"start":{"line":19,"column":0},"end":{"line":19,"column":null}}},"fnMap":{"0":{"name":"(anonymous_0)","decl":{"start":{"line":7,"column":2},"end":{"line":7,"column":3}},"loc":{"start":{"line":8,"column":4},"end":{"line":15,"column":null}},"line":8}},"branchMap":{},"s":{"0":2,"1":14,"2":2},"f":{"0":14},"b":{},"meta":{"lastBranch":0,"lastFunction":1,"lastStatement":3,"seen":{"s:6:22:17:Infinity":0,"f:7:2:7:3":0,"s:8:4:15:Infinity":1,"s:19:0:19:Infinity":2}}}
,"C:\\Users\\ricky\\source\\repos\\val-builder\\val-builder\\src\\lib\\utils.ts": {"path":"C:\\Users\\ricky\\source\\repos\\val-builder\\val-builder\\src\\lib\\utils.ts","statementMap":{"0":{"start":{"line":5,"column":2},"end":{"line":5,"column":null}}},"fnMap":{"0":{"name":"cn","decl":{"start":{"line":4,"column":16},"end":{"line":4,"column":22}},"loc":{"start":{"line":4,"column":44},"end":{"line":6,"column":null}},"line":4}},"branchMap":{},"s":{"0":211},"f":{"0":211},"b":{},"meta":{"lastBranch":0,"lastFunction":1,"lastStatement":1,"seen":{"f:4:16:4:22":0,"s:5:2:5:Infinity":0}}}
}
